<?xml version="1.0" encoding="UTF-8"?>
<!-- Generated by org.testng.reporters.JUnitXMLReporter -->
<testsuite ignored="0" hostname="prashantb" failures="0" tests="5" name="Selenium_demo_session" time="24.467" errors="0" timestamp="2022-02-02T20:49:04 IST">
  <testcase classname="Selenium_demo.Demo_topics" name="Classname" time="0.173"/>
  <testcase classname="Selenium_demo.Demo_topics" name="id" time="0.105"/>
  <testcase classname="Selenium_demo.Demo_topics" name="AbsXpath" time="0.254"/>
  <testcase classname="Selenium_demo.Demo_topics" name="RelativeXpath" time="1.757"/>
  <testcase classname="Selenium_demo.Demo_topics" name="tagname" time="0.099"/>
</testsuite> <!-- Selenium_demo_session -->
